
🔄 SKU TO ALIAS CATALOG_ID MAPPER
================================================================================

📋 Total SKUs to map: 140

[1/140] IM7410-001...   ⚠️  Search failed: 404 Not Found
❌ Not found
[2/140] FB2709-003...   ⚠️  Search failed: 404 Not Found
❌ Not found
[3/140] HJ5996-001...   ⚠️  Search failed: 404 Not Found
❌ Not found
[4/140] HM4740-001...   ⚠️  Search failed: 404 Not Found
❌ Not found
[5/140] HF5515-400...   ⚠️  Search failed: 404 Not Found
❌ Not found
[6/140] FV5029-010...   ⚠️  Search failed: 404 Not Found
❌ Not found
[7/140] FV5029-200...   ⚠️  Search failed: 404 Not Found
❌ Not found
[8/140] FV5029-100...   ⚠️  Search failed: 404 Not Found
❌ Not found
[9/140] FV5029-006...   ⚠️  Search failed: 404 Not Found
❌ Not found
[10/140] FV5029-141...   ⚠️  Search failed: 404 Not Found
❌ Not found
[11/140] FQ8138-002...   ⚠️  Search failed: 404 Not Found
❌ Not found
[12/140] IB4171-100...   ⚠️  Search failed: 404 Not Found
❌ Not found
[13/140] FQ8213-006...   ⚠️  Search failed: 404 Not Found
❌ Not found
[14/140] DR5415-100...   ⚠️  Search failed: 404 Not Found
❌ Not found
[15/140] FQ8138-001...   ⚠️  Search failed: 404 Not Found
❌ Not found
[16/140] DR5415-103...   ⚠️  Search failed: 404 Not Found
❌ Not found
[17/140] DH6927-017...   ⚠️  Search failed: 404 Not Found
❌ Not found
[18/140] DH6927-111...   ⚠️  Search failed: 404 Not Found
❌ Not found
[19/140] FB9927-200...   ⚠️  Search failed: 404 Not Found
❌ Not found
[20/140] FQ8138-103...   ⚠️  Search failed: 404 Not Found
❌ Not found
[21/140] DH7138-006...   ⚠️  Search failed: 404 Not Found
❌ Not found
[22/140] CT8527-016...   ⚠️  Search failed: 404 Not Found
❌ Not found
[23/140] DC7770-160...   ⚠️  Search failed: 404 Not Found
❌ Not found
[24/140] DH6927-061...   ⚠️  Search failed: 404 Not Found
❌ Not found
[25/140] DJ0675-200...   ⚠️  Search failed: 404 Not Found
❌ Not found
[26/140] DZ4137-700...   ⚠️  Search failed: 404 Not Found
❌ Not found
[27/140] FZ4810-200...   ⚠️  Search failed: 404 Not Found
❌ Not found
[28/140] FZ4811-001...   ⚠️  Search failed: 404 Not Found
❌ Not found
[29/140] FD4810-010...   ⚠️  Search failed: 404 Not Found
❌ Not found
[30/140] DH3434-110...   ⚠️  Search failed: 404 Not Found
❌ Not found
[31/140] HV8571-100...   ⚠️  Search failed: 404 Not Found
❌ Not found
[32/140] JI2734...   ⚠️  Search failed: 404 Not Found
❌ Not found
[33/140] 144032-SAN...   ⚠️  Search failed: 404 Not Found
❌ Not found
[34/140] 1116109-CHE...   ⚠️  Search failed: 404 Not Found
❌ Not found
[35/140] 1144032-BLK...   ⚠️  Search failed: 404 Not Found
❌ Not found
[36/140] 1144032-CHE...   ⚠️  Search failed: 404 Not Found
❌ Not found
